<?xml version="1.0" encoding="UTF-8"?>
<testng-results total="1" passed="1" failed="0" skipped="0">
  <reporter-output>
  </reporter-output>
  <suite started-at="2026-06-14T12:19:26Z" name="Default suite" finished-at="2026-06-14T12:19:48Z" duration-ms="21506">
    <groups>
    </groups>
    <test started-at="2026-06-14T12:19:26Z" name="Default test" finished-at="2026-06-14T12:19:48Z" duration-ms="21506">
      <class name="tests.EndToEndTest">
        <test-method is-config="true" signature="setup()[pri:0, instance:tests.EndToEndTest@17d88132]" started-at="2026-06-14T22:19:26Z" name="setup" finished-at="2026-06-14T22:19:29Z" duration-ms="3043" status="PASS">
          <reporter-output>
          </reporter-output>
        </test-method> <!-- setup -->
        <test-method signature="placeOrderTest()[pri:0, instance:tests.EndToEndTest@17d88132]" started-at="2026-06-14T22:19:29Z" name="placeOrderTest" finished-at="2026-06-14T22:19:47Z" duration-ms="17675" status="PASS">
          <reporter-output>
          </reporter-output>
        </test-method> <!-- placeOrderTest -->
        <test-method is-config="true" signature="teardown()[pri:0, instance:tests.EndToEndTest@17d88132]" started-at="2026-06-14T22:19:47Z" name="teardown" finished-at="2026-06-14T22:19:48Z" duration-ms="762" status="PASS">
          <reporter-output>
          </reporter-output>
        </test-method> <!-- teardown -->
      </class> <!-- tests.EndToEndTest -->
    </test> <!-- Default test -->
  </suite> <!-- Default suite -->
</testng-results>
